Test Log
01-09-2015 22:01:54 ::1 SELECT * FROM item LIMIT 1
01-09-2015 22:01:54 ::1 SELECT * FROM item WHERE parent = '0'
01-09-2015 22:01:54 ::1 SELECT * FROM item LIMIT 1
01-09-2015 22:01:54 ::1 SELECT * FROM item LIMIT 1
01-09-2015 22:01:54 ::1 SELECT * FROM item LIMIT 1
01-09-2015 22:01:54 ::1 SELECT * FROM item LIMIT 1
01-09-2015 22:01:54 ::1 SELECT * FROM item LIMIT 1
01-09-2015 22:01:54 ::1 SELECT * FROM item LIMIT 1
01-09-2015 22:01:54 ::1 SELECT * FROM item LIMIT 1
01-09-2015 22:01:54 ::1 SELECT * FROM item LIMIT 1
01-09-2015 22:01:54 ::1 SELECT * FROM item LIMIT 1
01-09-2015 22:01:54 ::1 SELECT * FROM menu LIMIT 1
01-09-2015 22:01:54 ::1 SELECT * FROM item LIMIT 1
01-09-2015 22:01:54 ::1 SHOW COLUMNS FROM menu
01-09-2015 22:01:54 ::1 SELECT * FROM item LIMIT 1
01-09-2015 22:01:54 ::1 SELECT * FROM item LIMIT 1
01-09-2015 22:01:54 ::1 SELECT * FROM item LIMIT 1
01-09-2015 22:01:54 ::1 SELECT * FROM item LIMIT 1
01-09-2015 22:01:54 ::1 SELECT * FROM menu
01-09-2015 22:01:54 ::1 SELECT * FROM item LIMIT 1
01-09-2015 22:01:54 ::1 SELECT * FROM menu LIMIT 1
01-09-2015 22:01:54 ::1 SHOW COLUMNS FROM menu
01-09-2015 22:01:54 ::1 SELECT * FROM item LIMIT 1
01-09-2015 22:01:54 ::1 SELECT * FROM item LIMIT 1
01-09-2015 22:01:54 ::1 SELECT * FROM item LIMIT 1
01-09-2015 22:01:54 ::1 SELECT * FROM item LIMIT 1
01-09-2015 22:01:54 ::1 SELECT * FROM item LIMIT 1
01-09-2015 22:01:54 ::1 SELECT * FROM menu LIMIT 1
01-09-2015 22:01:54 ::1 SHOW COLUMNS FROM menu
01-09-2015 22:01:54 ::1 SELECT * FROM item LIMIT 1
01-09-2015 22:01:54 ::1 SELECT * FROM item LIMIT 1
01-09-2015 22:01:54 ::1 SELECT * FROM item LIMIT 1
01-09-2015 22:01:54 ::1 SELECT * FROM item LIMIT 1
01-09-2015 22:01:54 ::1 SELECT * FROM item LIMIT 1
01-09-2015 22:01:54 ::1 SELECT * FROM menu LIMIT 1
01-09-2015 22:01:54 ::1 SHOW COLUMNS FROM menu
01-09-2015 22:01:54 ::1 SELECT * FROM item LIMIT 1
01-09-2015 22:01:54 ::1 SELECT * FROM item LIMIT 1
01-09-2015 22:01:54 ::1 SELECT * FROM item LIMIT 1
01-09-2015 22:01:54 ::1 SELECT * FROM item LIMIT 1
01-09-2015 22:01:54 ::1 SELECT * FROM item LIMIT 1
01-09-2015 22:01:54 ::1 SELECT * FROM menu LIMIT 1
01-09-2015 22:01:54 ::1 SHOW COLUMNS FROM menu
01-09-2015 22:01:54 ::1 SELECT * FROM item LIMIT 1
01-09-2015 22:01:54 ::1 SELECT * FROM item LIMIT 1
01-09-2015 22:01:54 ::1 SELECT * FROM item LIMIT 1
01-09-2015 22:01:54 ::1 SELECT * FROM item LIMIT 1
01-09-2015 22:01:54 ::1 SELECT * FROM item LIMIT 1
01-09-2015 22:01:54 ::1 SELECT * FROM item LIMIT 1
01-09-2015 22:01:54 ::1 SELECT * FROM item LIMIT 1
01-09-2015 22:01:54 ::1 SELECT * FROM item LIMIT 1
01-09-2015 22:01:54 ::1 SELECT * FROM item LIMIT 1
01-09-2015 22:01:57 ::1 SELECT * FROM item LIMIT 1
01-09-2015 22:01:57 ::1 UPDATE item SET title = 'Crumpets',eatinprice = '1.25',takeoutprice = '0.95',description = 'Two toasted crumpets with plenty of butter',menu = '1',eatin = '1' WHERE item = '12'
01-09-2015 22:03:43 ::1 SELECT * FROM menu LIMIT 1
01-09-2015 22:03:43 ::1 SELECT * FROM menu
01-09-2015 22:03:43 ::1 SELECT * FROM menu LIMIT 1
01-09-2015 22:03:43 ::1 SELECT * FROM menu LIMIT 1
01-09-2015 22:03:43 ::1 SELECT * FROM menu LIMIT 1
01-09-2015 22:03:43 ::1 SELECT * FROM menu LIMIT 1
01-09-2015 22:03:56 ::1 SELECT * FROM menu LIMIT 1
01-09-2015 22:03:56 ::1 SELECT * FROM menu
01-09-2015 22:03:56 ::1 SELECT * FROM menu LIMIT 1
01-09-2015 22:03:56 ::1 SELECT * FROM menu LIMIT 1
01-09-2015 22:03:56 ::1 SELECT * FROM menu LIMIT 1
01-09-2015 22:03:56 ::1 SELECT * FROM menu LIMIT 1
01-09-2015 22:03:59 ::1 SELECT * FROM item LIMIT 1
01-09-2015 22:03:59 ::1 SELECT * FROM item WHERE menu = '1'
01-09-2015 22:03:59 ::1 SELECT * FROM item LIMIT 1
01-09-2015 22:03:59 ::1 SELECT * FROM item LIMIT 1
01-09-2015 22:03:59 ::1 SELECT * FROM item LIMIT 1
01-09-2015 22:03:59 ::1 SELECT * FROM item LIMIT 1
01-09-2015 22:03:59 ::1 SELECT * FROM item LIMIT 1
01-09-2015 22:03:59 ::1 SELECT * FROM item LIMIT 1
01-09-2015 22:03:59 ::1 SELECT * FROM item LIMIT 1
01-09-2015 22:03:59 ::1 SELECT * FROM item LIMIT 1
01-09-2015 22:03:59 ::1 SELECT * FROM item LIMIT 1
01-09-2015 22:03:59 ::1 SELECT * FROM item LIMIT 1
01-09-2015 22:03:59 ::1 SELECT * FROM item LIMIT 1
01-09-2015 22:03:59 ::1 SELECT * FROM item LIMIT 1
01-09-2015 22:03:59 ::1 SELECT * FROM item LIMIT 1
01-09-2015 22:03:59 ::1 SELECT * FROM item LIMIT 1
01-09-2015 22:03:59 ::1 SELECT * FROM item LIMIT 1
01-09-2015 22:03:59 ::1 SELECT * FROM item LIMIT 1
01-09-2015 22:03:59 ::1 SELECT * FROM item LIMIT 1
01-09-2015 22:03:59 ::1 SELECT * FROM item LIMIT 1
01-09-2015 22:03:59 ::1 SELECT * FROM item LIMIT 1
01-09-2015 22:03:59 ::1 SELECT * FROM item LIMIT 1
01-09-2015 22:03:59 ::1 SELECT * FROM item LIMIT 1
01-09-2015 22:03:59 ::1 SELECT * FROM item LIMIT 1
01-09-2015 22:04:01 ::1 SELECT * FROM menu LIMIT 1
01-09-2015 22:04:01 ::1 SELECT * FROM menu
01-09-2015 22:04:01 ::1 SELECT * FROM menu LIMIT 1
01-09-2015 22:04:01 ::1 SELECT * FROM menu LIMIT 1
01-09-2015 22:04:01 ::1 SELECT * FROM menu LIMIT 1
01-09-2015 22:04:01 ::1 SELECT * FROM menu LIMIT 1
01-09-2015 22:04:01 ::1 SELECT * FROM item LIMIT 1
01-09-2015 22:04:01 ::1 SELECT * FROM item WHERE parent = '0'
01-09-2015 22:04:01 ::1 SELECT * FROM item LIMIT 1
01-09-2015 22:04:01 ::1 SELECT * FROM item LIMIT 1
01-09-2015 22:04:01 ::1 SELECT * FROM item LIMIT 1
01-09-2015 22:04:01 ::1 SELECT * FROM item LIMIT 1
01-09-2015 22:04:01 ::1 SELECT * FROM item LIMIT 1
01-09-2015 22:04:01 ::1 SELECT * FROM item LIMIT 1
01-09-2015 22:04:01 ::1 SELECT * FROM item LIMIT 1
01-09-2015 22:04:01 ::1 SELECT * FROM item LIMIT 1
01-09-2015 22:04:01 ::1 SELECT * FROM item LIMIT 1
01-09-2015 22:04:01 ::1 SELECT * FROM item LIMIT 1
01-09-2015 22:04:01 ::1 SELECT * FROM item LIMIT 1
01-09-2015 22:04:01 ::1 SELECT * FROM item LIMIT 1
01-09-2015 22:04:01 ::1 SELECT * FROM item LIMIT 1
01-09-2015 22:04:01 ::1 SELECT * FROM item LIMIT 1
01-09-2015 22:04:01 ::1 SELECT * FROM item LIMIT 1
01-09-2015 22:04:01 ::1 SELECT * FROM item LIMIT 1
01-09-2015 22:04:01 ::1 SELECT * FROM item LIMIT 1
01-09-2015 22:04:01 ::1 SELECT * FROM item LIMIT 1
01-09-2015 22:04:01 ::1 SELECT * FROM item LIMIT 1
01-09-2015 22:04:01 ::1 SELECT * FROM item LIMIT 1
01-09-2015 22:04:01 ::1 SELECT * FROM item LIMIT 1
01-09-2015 22:04:01 ::1 SELECT * FROM item LIMIT 1
01-09-2015 22:04:01 ::1 SELECT * FROM item LIMIT 1
01-09-2015 22:04:01 ::1 SELECT * FROM item LIMIT 1
01-09-2015 22:04:01 ::1 SELECT * FROM item LIMIT 1
01-09-2015 22:04:01 ::1 SELECT * FROM item LIMIT 1
01-09-2015 22:04:01 ::1 SELECT * FROM item LIMIT 1
01-09-2015 22:04:01 ::1 SELECT * FROM item LIMIT 1
01-09-2015 22:04:01 ::1 SELECT * FROM item LIMIT 1
01-09-2015 22:04:01 ::1 SELECT * FROM item LIMIT 1
01-09-2015 22:04:01 ::1 SELECT * FROM item LIMIT 1
01-09-2015 22:04:01 ::1 SELECT * FROM item LIMIT 1
01-09-2015 22:04:01 ::1 SELECT * FROM item LIMIT 1
01-09-2015 22:04:01 ::1 SELECT * FROM item LIMIT 1
01-09-2015 22:04:01 ::1 SELECT * FROM item LIMIT 1
01-09-2015 22:04:01 ::1 SELECT * FROM item LIMIT 1
01-09-2015 22:04:01 ::1 SELECT * FROM item LIMIT 1
01-09-2015 22:04:01 ::1 SELECT * FROM item LIMIT 1
01-09-2015 22:04:01 ::1 SELECT * FROM item LIMIT 1
01-09-2015 22:04:04 ::1 SELECT * FROM item LIMIT 1
01-09-2015 22:04:04 ::1 UPDATE item SET title = 'Crumpets',eatinprice = '1.25',takeoutprice = '0.95',description = 'Two toasted crumpets with plenty of butter',menu = '1',eatin = '1' WHERE item = '12'
01-09-2015 22:05:43 ::1 SELECT * FROM item LIMIT 1
01-09-2015 22:05:43 ::1 SELECT * FROM item WHERE parent = '0'
01-09-2015 22:05:43 ::1 SELECT * FROM item LIMIT 1
01-09-2015 22:05:43 ::1 SELECT * FROM item LIMIT 1
01-09-2015 22:05:43 ::1 SELECT * FROM item LIMIT 1
01-09-2015 22:05:43 ::1 SELECT * FROM item LIMIT 1
01-09-2015 22:05:43 ::1 SELECT * FROM item LIMIT 1
01-09-2015 22:05:43 ::1 SELECT * FROM item LIMIT 1
01-09-2015 22:05:43 ::1 SELECT * FROM item LIMIT 1
01-09-2015 22:05:43 ::1 SELECT * FROM item LIMIT 1
01-09-2015 22:05:43 ::1 SELECT * FROM item LIMIT 1
01-09-2015 22:05:43 ::1 SELECT * FROM item LIMIT 1
01-09-2015 22:05:43 ::1 SELECT * FROM item LIMIT 1
01-09-2015 22:05:43 ::1 SELECT * FROM item LIMIT 1
01-09-2015 22:05:43 ::1 SELECT * FROM item LIMIT 1
01-09-2015 22:05:43 ::1 SELECT * FROM item LIMIT 1
01-09-2015 22:05:43 ::1 SELECT * FROM item LIMIT 1
01-09-2015 22:05:43 ::1 SELECT * FROM menu LIMIT 1
01-09-2015 22:05:43 ::1 SELECT * FROM item LIMIT 1
01-09-2015 22:05:43 ::1 SELECT * FROM menu
01-09-2015 22:05:43 ::1 SELECT * FROM item LIMIT 1
01-09-2015 22:05:43 ::1 SELECT * FROM menu LIMIT 1
01-09-2015 22:05:43 ::1 SELECT * FROM item LIMIT 1
01-09-2015 22:05:43 ::1 SELECT * FROM menu LIMIT 1
01-09-2015 22:05:43 ::1 SELECT * FROM item LIMIT 1
01-09-2015 22:05:43 ::1 SELECT * FROM menu LIMIT 1
01-09-2015 22:05:43 ::1 SELECT * FROM item LIMIT 1
01-09-2015 22:05:43 ::1 SELECT * FROM menu LIMIT 1
01-09-2015 22:05:43 ::1 SELECT * FROM item LIMIT 1
01-09-2015 22:05:43 ::1 SELECT * FROM item LIMIT 1
01-09-2015 22:05:43 ::1 SELECT * FROM item LIMIT 1
01-09-2015 22:05:43 ::1 SELECT * FROM item LIMIT 1
01-09-2015 22:05:43 ::1 SELECT * FROM item LIMIT 1
01-09-2015 22:05:43 ::1 SELECT * FROM item LIMIT 1
01-09-2015 22:05:43 ::1 SELECT * FROM item LIMIT 1
01-09-2015 22:05:43 ::1 SELECT * FROM item LIMIT 1
01-09-2015 22:05:43 ::1 SELECT * FROM item LIMIT 1
01-09-2015 22:05:43 ::1 SELECT * FROM item LIMIT 1
01-09-2015 22:05:43 ::1 SELECT * FROM item LIMIT 1
01-09-2015 22:05:43 ::1 SELECT * FROM item LIMIT 1
01-09-2015 22:05:43 ::1 SELECT * FROM item LIMIT 1
01-09-2015 22:05:43 ::1 SELECT * FROM item LIMIT 1
01-09-2015 22:05:43 ::1 SELECT * FROM item LIMIT 1
01-09-2015 22:05:43 ::1 SELECT * FROM item LIMIT 1
01-09-2015 22:05:43 ::1 SELECT * FROM item LIMIT 1
01-09-2015 22:05:43 ::1 SELECT * FROM item LIMIT 1
01-09-2015 22:05:43 ::1 SELECT * FROM item LIMIT 1
01-09-2015 22:05:47 ::1 SELECT * FROM item LIMIT 1
01-09-2015 22:05:47 ::1 UPDATE item SET title = 'Crumpets',eatinprice = '1.25',takeoutprice = '0.95',description = 'Two toasted crumpets with plenty of butter',menu = '1',eatin = '1' WHERE item = '12'
01-09-2015 22:05:47 ::1 Array
(
    [item] => 12
    [title] => Crumpets
    [description] => Two toasted crumpets with plenty of butter
    [eatin] => 1
    [eatinprice] => 1.25
    [takeout] => 0
    [takeoutprice] => 0.95
    [parent] => 0
    [menu] => 1
)

01-09-2015 22:08:04 ::1 SELECT * FROM menu LIMIT 1
01-09-2015 22:08:04 ::1 SELECT * FROM menu
01-09-2015 22:08:04 ::1 SELECT * FROM menu LIMIT 1
01-09-2015 22:08:04 ::1 SELECT * FROM menu LIMIT 1
01-09-2015 22:08:04 ::1 SELECT * FROM menu LIMIT 1
01-09-2015 22:08:04 ::1 SELECT * FROM menu LIMIT 1
01-09-2015 22:08:04 ::1 SELECT * FROM item LIMIT 1
01-09-2015 22:08:04 ::1 SELECT * FROM item WHERE parent = '0'
01-09-2015 22:08:04 ::1 SELECT * FROM item LIMIT 1
01-09-2015 22:08:04 ::1 SELECT * FROM item LIMIT 1
01-09-2015 22:08:04 ::1 SELECT * FROM item LIMIT 1
01-09-2015 22:08:04 ::1 SELECT * FROM item LIMIT 1
01-09-2015 22:08:04 ::1 SELECT * FROM item LIMIT 1
01-09-2015 22:08:04 ::1 SELECT * FROM item LIMIT 1
01-09-2015 22:08:04 ::1 SELECT * FROM item LIMIT 1
01-09-2015 22:08:04 ::1 SELECT * FROM item LIMIT 1
01-09-2015 22:08:04 ::1 SELECT * FROM item LIMIT 1
01-09-2015 22:08:04 ::1 SELECT * FROM item LIMIT 1
01-09-2015 22:08:04 ::1 SELECT * FROM item LIMIT 1
01-09-2015 22:08:04 ::1 SELECT * FROM item LIMIT 1
01-09-2015 22:08:04 ::1 SELECT * FROM item LIMIT 1
01-09-2015 22:08:04 ::1 SELECT * FROM item LIMIT 1
01-09-2015 22:08:04 ::1 SELECT * FROM item LIMIT 1
01-09-2015 22:08:04 ::1 SELECT * FROM item LIMIT 1
01-09-2015 22:08:04 ::1 SELECT * FROM item LIMIT 1
01-09-2015 22:08:04 ::1 SELECT * FROM item LIMIT 1
01-09-2015 22:08:04 ::1 SELECT * FROM item LIMIT 1
01-09-2015 22:08:04 ::1 SELECT * FROM item LIMIT 1
01-09-2015 22:08:04 ::1 SELECT * FROM item LIMIT 1
01-09-2015 22:08:04 ::1 SELECT * FROM item LIMIT 1
01-09-2015 22:08:04 ::1 SELECT * FROM item LIMIT 1
01-09-2015 22:08:04 ::1 SELECT * FROM item LIMIT 1
01-09-2015 22:08:04 ::1 SELECT * FROM item LIMIT 1
01-09-2015 22:08:04 ::1 SELECT * FROM item LIMIT 1
01-09-2015 22:08:04 ::1 SELECT * FROM item LIMIT 1
01-09-2015 22:08:04 ::1 SELECT * FROM item LIMIT 1
01-09-2015 22:08:04 ::1 SELECT * FROM item LIMIT 1
01-09-2015 22:08:04 ::1 SELECT * FROM item LIMIT 1
01-09-2015 22:08:04 ::1 SELECT * FROM item LIMIT 1
01-09-2015 22:08:04 ::1 SELECT * FROM item LIMIT 1
01-09-2015 22:08:04 ::1 SELECT * FROM item LIMIT 1
01-09-2015 22:08:04 ::1 SELECT * FROM item LIMIT 1
01-09-2015 22:08:04 ::1 SELECT * FROM item LIMIT 1
01-09-2015 22:08:04 ::1 SELECT * FROM item LIMIT 1
01-09-2015 22:08:04 ::1 SELECT * FROM item LIMIT 1
01-09-2015 22:08:04 ::1 SELECT * FROM item LIMIT 1
01-09-2015 22:08:04 ::1 SELECT * FROM item LIMIT 1
01-09-2015 22:08:06 ::1 SELECT * FROM item LIMIT 1
01-09-2015 22:08:06 ::1 Column: Crumpets
01-09-2015 22:08:06 ::1 Column: 1.25
01-09-2015 22:08:06 ::1 Column: 0.95
01-09-2015 22:08:06 ::1 Column: Two toasted crumpets with plenty of butter
01-09-2015 22:08:06 ::1 Column: 1
01-09-2015 22:08:06 ::1 Column: 1
01-09-2015 22:08:06 ::1 UPDATE item SET title = 'Crumpets',eatinprice = '1.25',takeoutprice = '0.95',description = 'Two toasted crumpets with plenty of butter',menu = '1',eatin = '1' WHERE item = '12'
01-09-2015 22:08:06 ::1 Array
(
    [item] => 12
    [title] => Crumpets
    [description] => Two toasted crumpets with plenty of butter
    [eatin] => 1
    [eatinprice] => 1.25
    [takeout] => 0
    [takeoutprice] => 0.95
    [parent] => 0
    [menu] => 1
)

01-09-2015 22:08:43 ::1 SELECT * FROM item LIMIT 1
01-09-2015 22:08:43 ::1 SELECT * FROM item WHERE parent = '0'
01-09-2015 22:08:43 ::1 SELECT * FROM item LIMIT 1
01-09-2015 22:08:43 ::1 SELECT * FROM item LIMIT 1
01-09-2015 22:08:43 ::1 SELECT * FROM item LIMIT 1
01-09-2015 22:08:43 ::1 SELECT * FROM item LIMIT 1
01-09-2015 22:08:43 ::1 SELECT * FROM item LIMIT 1
01-09-2015 22:08:43 ::1 SELECT * FROM item LIMIT 1
01-09-2015 22:08:43 ::1 SELECT * FROM item LIMIT 1
01-09-2015 22:08:43 ::1 SELECT * FROM menu LIMIT 1
01-09-2015 22:08:43 ::1 SELECT * FROM item LIMIT 1
01-09-2015 22:08:43 ::1 SELECT * FROM menu
01-09-2015 22:08:43 ::1 SELECT * FROM item LIMIT 1
01-09-2015 22:08:43 ::1 SELECT * FROM menu LIMIT 1
01-09-2015 22:08:43 ::1 SELECT * FROM item LIMIT 1
01-09-2015 22:08:43 ::1 SELECT * FROM menu LIMIT 1
01-09-2015 22:08:43 ::1 SELECT * FROM menu LIMIT 1
01-09-2015 22:08:43 ::1 SELECT * FROM item LIMIT 1
01-09-2015 22:08:43 ::1 SELECT * FROM menu LIMIT 1
01-09-2015 22:08:43 ::1 SELECT * FROM item LIMIT 1
01-09-2015 22:08:43 ::1 SELECT * FROM item LIMIT 1
01-09-2015 22:08:43 ::1 SELECT * FROM item LIMIT 1
01-09-2015 22:08:43 ::1 SELECT * FROM item LIMIT 1
01-09-2015 22:08:43 ::1 SELECT * FROM item LIMIT 1
01-09-2015 22:08:43 ::1 SELECT * FROM item LIMIT 1
01-09-2015 22:08:43 ::1 SELECT * FROM item LIMIT 1
01-09-2015 22:08:43 ::1 SELECT * FROM item LIMIT 1
01-09-2015 22:08:43 ::1 SELECT * FROM item LIMIT 1
01-09-2015 22:08:43 ::1 SELECT * FROM item LIMIT 1
01-09-2015 22:08:43 ::1 SELECT * FROM item LIMIT 1
01-09-2015 22:08:43 ::1 SELECT * FROM item LIMIT 1
01-09-2015 22:08:43 ::1 SELECT * FROM item LIMIT 1
01-09-2015 22:08:43 ::1 SELECT * FROM item LIMIT 1
01-09-2015 22:08:43 ::1 SELECT * FROM item LIMIT 1
01-09-2015 22:08:43 ::1 SELECT * FROM item LIMIT 1
01-09-2015 22:08:43 ::1 SELECT * FROM item LIMIT 1
01-09-2015 22:08:43 ::1 SELECT * FROM item LIMIT 1
01-09-2015 22:08:43 ::1 SELECT * FROM item LIMIT 1
01-09-2015 22:08:43 ::1 SELECT * FROM item LIMIT 1
01-09-2015 22:08:43 ::1 SELECT * FROM item LIMIT 1
01-09-2015 22:08:43 ::1 SELECT * FROM item LIMIT 1
01-09-2015 22:08:43 ::1 SELECT * FROM item LIMIT 1
01-09-2015 22:08:43 ::1 SELECT * FROM item LIMIT 1
01-09-2015 22:08:43 ::1 SELECT * FROM item LIMIT 1
01-09-2015 22:08:43 ::1 SELECT * FROM item LIMIT 1
01-09-2015 22:08:43 ::1 SELECT * FROM item LIMIT 1
01-09-2015 22:08:43 ::1 SELECT * FROM item LIMIT 1
01-09-2015 22:08:45 ::1 SELECT * FROM item LIMIT 1
01-09-2015 22:08:45 ::1 title Crumpets
01-09-2015 22:08:45 ::1 eatinprice 1.25
01-09-2015 22:08:45 ::1 takeoutprice 0.95
01-09-2015 22:08:45 ::1 description Two toasted crumpets with plenty of butter
01-09-2015 22:08:45 ::1 menu 1
01-09-2015 22:08:45 ::1 eatin 1
01-09-2015 22:08:45 ::1 UPDATE item SET title = 'Crumpets',eatinprice = '1.25',takeoutprice = '0.95',description = 'Two toasted crumpets with plenty of butter',menu = '1',eatin = '1' WHERE item = '12'
01-09-2015 22:08:45 ::1 Array
(
    [item] => 12
    [title] => Crumpets
    [description] => Two toasted crumpets with plenty of butter
    [eatin] => 1
    [eatinprice] => 1.25
    [takeout] => 0
    [takeoutprice] => 0.95
    [parent] => 0
    [menu] => 1
)

01-09-2015 22:09:27 ::1 SELECT * FROM menu LIMIT 1
01-09-2015 22:09:27 ::1 SELECT * FROM menu
01-09-2015 22:09:27 ::1 SELECT * FROM menu LIMIT 1
01-09-2015 22:09:27 ::1 SELECT * FROM menu LIMIT 1
01-09-2015 22:09:27 ::1 SELECT * FROM menu LIMIT 1
01-09-2015 22:09:27 ::1 SELECT * FROM menu LIMIT 1
01-09-2015 22:09:27 ::1 SELECT * FROM item LIMIT 1
01-09-2015 22:09:27 ::1 SELECT * FROM item WHERE parent = '0'
01-09-2015 22:09:27 ::1 SELECT * FROM item LIMIT 1
01-09-2015 22:09:27 ::1 SELECT * FROM item LIMIT 1
01-09-2015 22:09:27 ::1 SELECT * FROM item LIMIT 1
01-09-2015 22:09:27 ::1 SELECT * FROM item LIMIT 1
01-09-2015 22:09:27 ::1 SELECT * FROM item LIMIT 1
01-09-2015 22:09:27 ::1 SELECT * FROM item LIMIT 1
01-09-2015 22:09:27 ::1 SELECT * FROM item LIMIT 1
01-09-2015 22:09:27 ::1 SELECT * FROM item LIMIT 1
01-09-2015 22:09:27 ::1 SELECT * FROM item LIMIT 1
01-09-2015 22:09:27 ::1 SELECT * FROM item LIMIT 1
01-09-2015 22:09:27 ::1 SELECT * FROM item LIMIT 1
01-09-2015 22:09:27 ::1 SELECT * FROM item LIMIT 1
01-09-2015 22:09:27 ::1 SELECT * FROM item LIMIT 1
01-09-2015 22:09:27 ::1 SELECT * FROM item LIMIT 1
01-09-2015 22:09:27 ::1 SELECT * FROM item LIMIT 1
01-09-2015 22:09:27 ::1 SELECT * FROM item LIMIT 1
01-09-2015 22:09:27 ::1 SELECT * FROM item LIMIT 1
01-09-2015 22:09:27 ::1 SELECT * FROM item LIMIT 1
01-09-2015 22:09:27 ::1 SELECT * FROM item LIMIT 1
01-09-2015 22:09:27 ::1 SELECT * FROM item LIMIT 1
01-09-2015 22:09:27 ::1 SELECT * FROM item LIMIT 1
01-09-2015 22:09:27 ::1 SELECT * FROM item LIMIT 1
01-09-2015 22:09:27 ::1 SELECT * FROM item LIMIT 1
01-09-2015 22:09:27 ::1 SELECT * FROM item LIMIT 1
01-09-2015 22:09:27 ::1 SELECT * FROM item LIMIT 1
01-09-2015 22:09:27 ::1 SELECT * FROM item LIMIT 1
01-09-2015 22:09:27 ::1 SELECT * FROM item LIMIT 1
01-09-2015 22:09:27 ::1 SELECT * FROM item LIMIT 1
01-09-2015 22:09:27 ::1 SELECT * FROM item LIMIT 1
01-09-2015 22:09:27 ::1 SELECT * FROM item LIMIT 1
01-09-2015 22:09:27 ::1 SELECT * FROM item LIMIT 1
01-09-2015 22:09:27 ::1 SELECT * FROM item LIMIT 1
01-09-2015 22:09:27 ::1 SELECT * FROM item LIMIT 1
01-09-2015 22:09:27 ::1 SELECT * FROM item LIMIT 1
01-09-2015 22:09:27 ::1 SELECT * FROM item LIMIT 1
01-09-2015 22:09:27 ::1 SELECT * FROM item LIMIT 1
01-09-2015 22:09:27 ::1 SELECT * FROM item LIMIT 1
01-09-2015 22:09:27 ::1 SELECT * FROM item LIMIT 1
01-09-2015 22:09:27 ::1 SELECT * FROM item LIMIT 1
01-09-2015 22:09:29 ::1 SELECT * FROM item LIMIT 1
01-09-2015 22:09:29 ::1 title Crumpets
01-09-2015 22:09:29 ::1 eatinprice 1.25
01-09-2015 22:09:29 ::1 takeoutprice 0.95
01-09-2015 22:09:29 ::1 description Two toasted crumpets with plenty of butter
01-09-2015 22:09:29 ::1 menu 1
01-09-2015 22:09:29 ::1 parent 0
01-09-2015 22:09:29 ::1 takeout 0
01-09-2015 22:09:29 ::1 eatin 1
01-09-2015 22:09:29 ::1 UPDATE item SET title = 'Crumpets',eatinprice = '1.25',takeoutprice = '0.95',description = 'Two toasted crumpets with plenty of butter',menu = '1',parent = '0',takeout = '0',eatin = '1' WHERE item = '12'
01-09-2015 22:09:29 ::1 Array
(
    [item] => 12
    [title] => Crumpets
    [description] => Two toasted crumpets with plenty of butter
    [eatin] => 1
    [eatinprice] => 1.25
    [takeout] => 0
    [takeoutprice] => 0.95
    [parent] => 0
    [menu] => 1
)

01-09-2015 22:09:52 ::1 SELECT * FROM item LIMIT 1
01-09-2015 22:09:52 ::1 SELECT * FROM item WHERE parent = '0'
01-09-2015 22:09:53 ::1 SELECT * FROM item LIMIT 1
01-09-2015 22:09:53 ::1 SELECT * FROM item LIMIT 1
01-09-2015 22:09:53 ::1 SELECT * FROM item LIMIT 1
01-09-2015 22:09:53 ::1 SELECT * FROM item LIMIT 1
01-09-2015 22:09:53 ::1 SELECT * FROM item LIMIT 1
01-09-2015 22:09:53 ::1 SELECT * FROM menu LIMIT 1
01-09-2015 22:09:53 ::1 SELECT * FROM item LIMIT 1
01-09-2015 22:09:53 ::1 SELECT * FROM menu
01-09-2015 22:09:53 ::1 SELECT * FROM menu LIMIT 1
01-09-2015 22:09:53 ::1 SELECT * FROM item LIMIT 1
01-09-2015 22:09:53 ::1 SELECT * FROM menu LIMIT 1
01-09-2015 22:09:53 ::1 SELECT * FROM item LIMIT 1
01-09-2015 22:09:53 ::1 SELECT * FROM menu LIMIT 1
01-09-2015 22:09:53 ::1 SELECT * FROM menu LIMIT 1
01-09-2015 22:09:53 ::1 SELECT * FROM item LIMIT 1
01-09-2015 22:09:53 ::1 SELECT * FROM item LIMIT 1
01-09-2015 22:09:53 ::1 SELECT * FROM item LIMIT 1
01-09-2015 22:09:53 ::1 SELECT * FROM item LIMIT 1
01-09-2015 22:09:53 ::1 SELECT * FROM item LIMIT 1
01-09-2015 22:09:53 ::1 SELECT * FROM item LIMIT 1
01-09-2015 22:09:53 ::1 SELECT * FROM item LIMIT 1
01-09-2015 22:09:53 ::1 SELECT * FROM item LIMIT 1
01-09-2015 22:09:53 ::1 SELECT * FROM item LIMIT 1
01-09-2015 22:09:53 ::1 SELECT * FROM item LIMIT 1
01-09-2015 22:09:53 ::1 SELECT * FROM item LIMIT 1
01-09-2015 22:09:53 ::1 SELECT * FROM item LIMIT 1
01-09-2015 22:09:53 ::1 SELECT * FROM item LIMIT 1
01-09-2015 22:09:53 ::1 SELECT * FROM item LIMIT 1
01-09-2015 22:09:53 ::1 SELECT * FROM item LIMIT 1
01-09-2015 22:09:53 ::1 SELECT * FROM item LIMIT 1
01-09-2015 22:09:53 ::1 SELECT * FROM item LIMIT 1
01-09-2015 22:09:53 ::1 SELECT * FROM item LIMIT 1
01-09-2015 22:09:53 ::1 SELECT * FROM item LIMIT 1
01-09-2015 22:09:53 ::1 SELECT * FROM item LIMIT 1
01-09-2015 22:09:53 ::1 SELECT * FROM item LIMIT 1
01-09-2015 22:09:53 ::1 SELECT * FROM item LIMIT 1
01-09-2015 22:09:53 ::1 SELECT * FROM item LIMIT 1
01-09-2015 22:09:53 ::1 SELECT * FROM item LIMIT 1
01-09-2015 22:09:53 ::1 SELECT * FROM item LIMIT 1
01-09-2015 22:09:53 ::1 SELECT * FROM item LIMIT 1
01-09-2015 22:09:53 ::1 SELECT * FROM item LIMIT 1
01-09-2015 22:09:53 ::1 SELECT * FROM item LIMIT 1
01-09-2015 22:09:53 ::1 SELECT * FROM item LIMIT 1
01-09-2015 22:09:53 ::1 SELECT * FROM item LIMIT 1
01-09-2015 22:09:53 ::1 SELECT * FROM item LIMIT 1
01-09-2015 22:09:57 ::1 SELECT * FROM menu LIMIT 1
01-09-2015 22:09:57 ::1 SELECT * FROM menu
01-09-2015 22:09:57 ::1 SELECT * FROM menu LIMIT 1
01-09-2015 22:09:57 ::1 SELECT * FROM menu LIMIT 1
01-09-2015 22:09:57 ::1 SELECT * FROM menu LIMIT 1
01-09-2015 22:09:57 ::1 SELECT * FROM menu LIMIT 1
01-09-2015 22:09:57 ::1 SELECT * FROM item LIMIT 1
01-09-2015 22:09:57 ::1 SELECT * FROM item WHERE menu = '1'
01-09-2015 22:09:57 ::1 SELECT * FROM item LIMIT 1
01-09-2015 22:09:57 ::1 SELECT * FROM item LIMIT 1
01-09-2015 22:09:57 ::1 SELECT * FROM item LIMIT 1
01-09-2015 22:09:57 ::1 SELECT * FROM item LIMIT 1
01-09-2015 22:09:57 ::1 SELECT * FROM item LIMIT 1
01-09-2015 22:09:57 ::1 SELECT * FROM item LIMIT 1
01-09-2015 22:09:57 ::1 SELECT * FROM item LIMIT 1
01-09-2015 22:09:57 ::1 SELECT * FROM item LIMIT 1
01-09-2015 22:09:57 ::1 SELECT * FROM item LIMIT 1
01-09-2015 22:09:57 ::1 SELECT * FROM item LIMIT 1
01-09-2015 22:09:57 ::1 SELECT * FROM item LIMIT 1
01-09-2015 22:09:57 ::1 SELECT * FROM item LIMIT 1
01-09-2015 22:09:57 ::1 SELECT * FROM item LIMIT 1
01-09-2015 22:09:57 ::1 SELECT * FROM item LIMIT 1
01-09-2015 22:09:57 ::1 SELECT * FROM item LIMIT 1
01-09-2015 22:09:57 ::1 SELECT * FROM item LIMIT 1
01-09-2015 22:09:57 ::1 SELECT * FROM item LIMIT 1
01-09-2015 22:09:57 ::1 SELECT * FROM item LIMIT 1
01-09-2015 22:09:57 ::1 SELECT * FROM item LIMIT 1
01-09-2015 22:09:57 ::1 SELECT * FROM item LIMIT 1
01-09-2015 22:09:57 ::1 SELECT * FROM item LIMIT 1
01-09-2015 22:09:57 ::1 SELECT * FROM item LIMIT 1
01-09-2015 22:10:01 ::1 SELECT * FROM menu LIMIT 1
01-09-2015 22:10:01 ::1 SELECT * FROM menu
01-09-2015 22:10:01 ::1 SELECT * FROM menu LIMIT 1
01-09-2015 22:10:01 ::1 SELECT * FROM menu LIMIT 1
01-09-2015 22:10:01 ::1 SELECT * FROM menu LIMIT 1
01-09-2015 22:10:01 ::1 SELECT * FROM menu LIMIT 1
01-09-2015 22:10:01 ::1 SELECT * FROM item LIMIT 1
01-09-2015 22:10:01 ::1 SELECT * FROM item WHERE parent = '0'
01-09-2015 22:10:01 ::1 SELECT * FROM item LIMIT 1
01-09-2015 22:10:01 ::1 SELECT * FROM item LIMIT 1
01-09-2015 22:10:01 ::1 SELECT * FROM item LIMIT 1
01-09-2015 22:10:01 ::1 SELECT * FROM item LIMIT 1
01-09-2015 22:10:01 ::1 SELECT * FROM item LIMIT 1
01-09-2015 22:10:01 ::1 SELECT * FROM item LIMIT 1
01-09-2015 22:10:01 ::1 SELECT * FROM item LIMIT 1
01-09-2015 22:10:01 ::1 SELECT * FROM item LIMIT 1
01-09-2015 22:10:01 ::1 SELECT * FROM item LIMIT 1
01-09-2015 22:10:01 ::1 SELECT * FROM item LIMIT 1
01-09-2015 22:10:01 ::1 SELECT * FROM item LIMIT 1
01-09-2015 22:10:01 ::1 SELECT * FROM item LIMIT 1
01-09-2015 22:10:01 ::1 SELECT * FROM item LIMIT 1
01-09-2015 22:10:01 ::1 SELECT * FROM item LIMIT 1
01-09-2015 22:10:01 ::1 SELECT * FROM item LIMIT 1
01-09-2015 22:10:01 ::1 SELECT * FROM item LIMIT 1
01-09-2015 22:10:01 ::1 SELECT * FROM item LIMIT 1
01-09-2015 22:10:01 ::1 SELECT * FROM item LIMIT 1
01-09-2015 22:10:01 ::1 SELECT * FROM item LIMIT 1
01-09-2015 22:10:01 ::1 SELECT * FROM item LIMIT 1
01-09-2015 22:10:01 ::1 SELECT * FROM item LIMIT 1
01-09-2015 22:10:01 ::1 SELECT * FROM item LIMIT 1
01-09-2015 22:10:01 ::1 SELECT * FROM item LIMIT 1
01-09-2015 22:10:01 ::1 SELECT * FROM item LIMIT 1
01-09-2015 22:10:01 ::1 SELECT * FROM item LIMIT 1
01-09-2015 22:10:01 ::1 SELECT * FROM item LIMIT 1
01-09-2015 22:10:01 ::1 SELECT * FROM item LIMIT 1
01-09-2015 22:10:01 ::1 SELECT * FROM item LIMIT 1
01-09-2015 22:10:01 ::1 SELECT * FROM item LIMIT 1
01-09-2015 22:10:01 ::1 SELECT * FROM item LIMIT 1
01-09-2015 22:10:01 ::1 SELECT * FROM item LIMIT 1
01-09-2015 22:10:01 ::1 SELECT * FROM item LIMIT 1
01-09-2015 22:10:01 ::1 SELECT * FROM item LIMIT 1
01-09-2015 22:10:01 ::1 SELECT * FROM item LIMIT 1
01-09-2015 22:10:01 ::1 SELECT * FROM item LIMIT 1
01-09-2015 22:10:01 ::1 SELECT * FROM item LIMIT 1
01-09-2015 22:10:01 ::1 SELECT * FROM item LIMIT 1
01-09-2015 22:10:01 ::1 SELECT * FROM item LIMIT 1
01-09-2015 22:10:01 ::1 SELECT * FROM item LIMIT 1
01-09-2015 22:10:04 ::1 SELECT * FROM item LIMIT 1
01-09-2015 22:10:04 ::1 title Crumpets
01-09-2015 22:10:04 ::1 eatinprice 1.25
01-09-2015 22:10:04 ::1 takeoutprice 0.95
01-09-2015 22:10:04 ::1 description Two toasted crumpets with plenty of butter
01-09-2015 22:10:04 ::1 menu 1
01-09-2015 22:10:04 ::1 parent 0
01-09-2015 22:10:04 ::1 takeout 1
01-09-2015 22:10:04 ::1 eatin 1
01-09-2015 22:10:04 ::1 UPDATE item SET title = 'Crumpets',eatinprice = '1.25',takeoutprice = '0.95',description = 'Two toasted crumpets with plenty of butter',menu = '1',parent = '0',takeout = '1',eatin = '1' WHERE item = '12'
01-09-2015 22:10:04 ::1 Array
(
    [item] => 12
    [title] => Crumpets
    [description] => Two toasted crumpets with plenty of butter
    [eatin] => 1
    [eatinprice] => 1.25
    [takeout] => 1
    [takeoutprice] => 0.95
    [parent] => 0
    [menu] => 1
)

01-09-2015 22:10:09 ::1 SELECT * FROM item LIMIT 1
01-09-2015 22:10:09 ::1 SELECT * FROM item WHERE parent = '0'
01-09-2015 22:10:09 ::1 SELECT * FROM item LIMIT 1
01-09-2015 22:10:09 ::1 SELECT * FROM item LIMIT 1
01-09-2015 22:10:09 ::1 SELECT * FROM item LIMIT 1
01-09-2015 22:10:09 ::1 SELECT * FROM item LIMIT 1
01-09-2015 22:10:09 ::1 SELECT * FROM item LIMIT 1
01-09-2015 22:10:09 ::1 SELECT * FROM item LIMIT 1
01-09-2015 22:10:09 ::1 SELECT * FROM item LIMIT 1
01-09-2015 22:10:09 ::1 SELECT * FROM menu LIMIT 1
01-09-2015 22:10:09 ::1 SELECT * FROM item LIMIT 1
01-09-2015 22:10:09 ::1 SELECT * FROM menu
01-09-2015 22:10:09 ::1 9-2015 22:10:09 SELECT * FROM menu LIMIT 1
LECT * FROM item LIMIT 1
01-09-2015 22:10:09 ::1 SELECT * FROM menu LIMIT 1
01-09-2015 22:10:09 ::1 SELECT * FROM item LIMIT 1
01-09-2015 22:10:09 ::1 SELECT * FROM menu LIMIT 1
01-09-2015 22:10:09 ::1 SELECT * FROM item LIMIT 1
01-09-2015 22:10:09 ::1 SELECT * FROM menu LIMIT 1
01-09-2015 22:10:09 ::1 SELECT * FROM item LIMIT 1
01-09-2015 22:10:09 ::1 SELECT * FROM item LIMIT 1
01-09-2015 22:10:09 ::1 SELECT * FROM item LIMIT 1
01-09-2015 22:10:09 ::1 SELECT * FROM item LIMIT 1
01-09-2015 22:10:09 ::1 SELECT * FROM item LIMIT 1
01-09-2015 22:10:09 ::1 SELECT * FROM item LIMIT 1
01-09-2015 22:10:09 ::1 SELECT * FROM item LIMIT 1
01-09-2015 22:10:09 ::1 SELECT * FROM item LIMIT 1
01-09-2015 22:10:09 ::1 SELECT * FROM item LIMIT 1
01-09-2015 22:10:09 ::1 SELECT * FROM item LIMIT 1
01-09-2015 22:10:09 ::1 SELECT * FROM item LIMIT 1
01-09-2015 22:10:09 ::1 SELECT * FROM item LIMIT 1
01-09-2015 22:10:09 ::1 SELECT * FROM item LIMIT 1
01-09-2015 22:10:09 ::1 SELECT * FROM item LIMIT 1
01-09-2015 22:10:09 ::1 SELECT * FROM item LIMIT 1
01-09-2015 22:10:09 ::1 SELECT * FROM item LIMIT 1
01-09-2015 22:10:09 ::1 SELECT * FROM item LIMIT 1
01-09-2015 22:10:09 ::1 SELECT * FROM item LIMIT 1
01-09-2015 22:10:09 ::1 SELECT * FROM item LIMIT 1
01-09-2015 22:10:09 ::1 SELECT * FROM item LIMIT 1
01-09-2015 22:10:09 ::1 SELECT * FROM item LIMIT 1
01-09-2015 22:10:09 ::1 SELECT * FROM item LIMIT 1
01-09-2015 22:10:09 ::1 SELECT * FROM item LIMIT 1
01-09-2015 22:10:09 ::1 SELECT * FROM item LIMIT 1
01-09-2015 22:10:09 ::1 SELECT * FROM item LIMIT 1
01-09-2015 22:10:09 ::1 SELECT * FROM item LIMIT 1
01-09-2015 22:10:09 ::1 SELECT * FROM item LIMIT 1
01-09-2015 22:10:09 ::1 SELECT * FROM item LIMIT 1
01-09-2015 22:10:12 ::1 SELECT * FROM item LIMIT 1
01-09-2015 22:10:12 ::1 title Crumpets
01-09-2015 22:10:12 ::1 eatinprice 1.25
01-09-2015 22:10:12 ::1 takeoutprice 0.95
01-09-2015 22:10:12 ::1 description Two toasted crumpets with plenty of butter
01-09-2015 22:10:12 ::1 menu 1
01-09-2015 22:10:12 ::1 parent 0
01-09-2015 22:10:12 ::1 takeout 1
01-09-2015 22:10:12 ::1 eatin 1
01-09-2015 22:10:12 ::1 UPDATE item SET title = 'Crumpets',eatinprice = '1.25',takeoutprice = '0.95',description = 'Two toasted crumpets with plenty of butter',menu = '1',parent = '0',takeout = '1',eatin = '1' WHERE item = '12'
01-09-2015 22:10:12 ::1 Array
(
    [item] => 12
    [title] => Crumpets
    [description] => Two toasted crumpets with plenty of butter
    [eatin] => 1
    [eatinprice] => 1.25
    [takeout] => 1
    [takeoutprice] => 0.95
    [parent] => 0
    [menu] => 1
)

01-09-2015 22:10:13 ::1 SELECT * FROM menu LIMIT 1
01-09-2015 22:10:13 ::1 SELECT * FROM menu
01-09-2015 22:10:13 ::1 SELECT * FROM menu LIMIT 1
01-09-2015 22:10:13 ::1 SELECT * FROM menu LIMIT 1
01-09-2015 22:10:13 ::1 SELECT * FROM menu LIMIT 1
01-09-2015 22:10:13 ::1 SELECT * FROM menu LIMIT 1
01-09-2015 22:10:14 ::1 SELECT * FROM item LIMIT 1
01-09-2015 22:10:14 ::1 SELECT * FROM item WHERE menu = '1'
01-09-2015 22:10:14 ::1 SELECT * FROM item LIMIT 1
01-09-2015 22:10:14 ::1 SELECT * FROM item LIMIT 1
01-09-2015 22:10:14 ::1 SELECT * FROM item LIMIT 1
01-09-2015 22:10:14 ::1 SELECT * FROM item LIMIT 1
01-09-2015 22:10:14 ::1 SELECT * FROM item LIMIT 1
01-09-2015 22:10:14 ::1 SELECT * FROM item LIMIT 1
01-09-2015 22:10:14 ::1 SELECT * FROM item LIMIT 1
01-09-2015 22:10:14 ::1 SELECT * FROM item LIMIT 1
01-09-2015 22:10:14 ::1 SELECT * FROM item LIMIT 1
01-09-2015 22:10:14 ::1 SELECT * FROM item LIMIT 1
01-09-2015 22:10:14 ::1 SELECT * FROM item LIMIT 1
01-09-2015 22:10:14 ::1 SELECT * FROM item LIMIT 1
01-09-2015 22:10:14 ::1 SELECT * FROM item LIMIT 1
01-09-2015 22:10:14 ::1 SELECT * FROM item LIMIT 1
01-09-2015 22:10:14 ::1 SELECT * FROM item LIMIT 1
01-09-2015 22:10:14 ::1 SELECT * FROM item LIMIT 1
01-09-2015 22:10:14 ::1 SELECT * FROM item LIMIT 1
01-09-2015 22:10:14 ::1 SELECT * FROM item LIMIT 1
01-09-2015 22:10:14 ::1 SELECT * FROM item LIMIT 1
01-09-2015 22:10:14 ::1 SELECT * FROM item LIMIT 1
01-09-2015 22:10:14 ::1 SELECT * FROM item LIMIT 1
01-09-2015 22:10:14 ::1 SELECT * FROM item LIMIT 1
01-09-2015 22:10:17 ::1 SELECT * FROM menu LIMIT 1
01-09-2015 22:10:17 ::1 SELECT * FROM menu
01-09-2015 22:10:17 ::1 SELECT * FROM menu LIMIT 1
01-09-2015 22:10:17 ::1 SELECT * FROM menu LIMIT 1
01-09-2015 22:10:17 ::1 SELECT * FROM menu LIMIT 1
01-09-2015 22:10:17 ::1 SELECT * FROM menu LIMIT 1
01-09-2015 22:10:17 ::1 SELECT * FROM item LIMIT 1
01-09-2015 22:10:17 ::1 SELECT * FROM item WHERE parent = '0'
01-09-2015 22:10:17 ::1 SELECT * FROM item LIMIT 1
01-09-2015 22:10:17 ::1 SELECT * FROM item LIMIT 1
01-09-2015 22:10:17 ::1 SELECT * FROM item LIMIT 1
01-09-2015 22:10:17 ::1 SELECT * FROM item LIMIT 1
01-09-2015 22:10:17 ::1 SELECT * FROM item LIMIT 1
01-09-2015 22:10:17 ::1 SELECT * FROM item LIMIT 1
01-09-2015 22:10:17 ::1 SELECT * FROM item LIMIT 1
01-09-2015 22:10:17 ::1 SELECT * FROM item LIMIT 1
01-09-2015 22:10:17 ::1 SELECT * FROM item LIMIT 1
01-09-2015 22:10:17 ::1 SELECT * FROM item LIMIT 1
01-09-2015 22:10:17 ::1 SELECT * FROM item LIMIT 1
01-09-2015 22:10:17 ::1 SELECT * FROM item LIMIT 1
01-09-2015 22:10:17 ::1 SELECT * FROM item LIMIT 1
01-09-2015 22:10:17 ::1 SELECT * FROM item LIMIT 1
01-09-2015 22:10:17 ::1 SELECT * FROM item LIMIT 1
01-09-2015 22:10:17 ::1 SELECT * FROM item LIMIT 1
01-09-2015 22:10:17 ::1 SELECT * FROM item LIMIT 1
01-09-2015 22:10:17 ::1 SELECT * FROM item LIMIT 1
01-09-2015 22:10:17 ::1 SELECT * FROM item LIMIT 1
01-09-2015 22:10:17 ::1 SELECT * FROM item LIMIT 1
01-09-2015 22:10:17 ::1 SELECT * FROM item LIMIT 1
01-09-2015 22:10:17 ::1 SELECT * FROM item LIMIT 1
01-09-2015 22:10:17 ::1 SELECT * FROM item LIMIT 1
01-09-2015 22:10:17 ::1 SELECT * FROM item LIMIT 1
01-09-2015 22:10:17 ::1 SELECT * FROM item LIMIT 1
01-09-2015 22:10:17 ::1 SELECT * FROM item LIMIT 1
01-09-2015 22:10:17 ::1 SELECT * FROM item LIMIT 1
01-09-2015 22:10:17 ::1 SELECT * FROM item LIMIT 1
01-09-2015 22:10:17 ::1 SELECT * FROM item LIMIT 1
01-09-2015 22:10:17 ::1 SELECT * FROM item LIMIT 1
01-09-2015 22:10:17 ::1 SELECT * FROM item LIMIT 1
01-09-2015 22:10:17 ::1 SELECT * FROM item LIMIT 1
01-09-2015 22:10:17 ::1 SELECT * FROM item LIMIT 1
01-09-2015 22:10:17 ::1 SELECT * FROM item LIMIT 1
01-09-2015 22:10:17 ::1 SELECT * FROM item LIMIT 1
01-09-2015 22:10:17 ::1 SELECT * FROM item LIMIT 1
01-09-2015 22:10:17 ::1 SELECT * FROM item LIMIT 1
01-09-2015 22:10:17 ::1 SELECT * FROM item LIMIT 1
01-09-2015 22:10:17 ::1 SELECT * FROM item LIMIT 1
01-09-2015 22:10:20 ::1 SELECT * FROM item LIMIT 1
01-09-2015 22:10:20 ::1 SELECT * FROM item WHERE parent = '0'
01-09-2015 22:10:20 ::1 SELECT * FROM item LIMIT 1
01-09-2015 22:10:20 ::1 SELECT * FROM item LIMIT 1
01-09-2015 22:10:20 ::1 SELECT * FROM item LIMIT 1
01-09-2015 22:10:20 ::1 SELECT * FROM item LIMIT 1
01-09-2015 22:10:20 ::1 SELECT * FROM item LIMIT 1
01-09-2015 22:10:20 ::1 SELECT * FROM item LIMIT 1
01-09-2015 22:10:20 ::1 SELECT * FROM item LIMIT 1
01-09-2015 22:10:20 ::1 SELECT * FROM item LIMIT 1
01-09-2015 22:10:20 ::1 SELECT * FROM item LIMIT 1
01-09-2015 22:10:20 ::1 SELECT * FROM item LIMIT 1
01-09-2015 22:10:20 ::1 SELECT * FROM item LIMIT 1
01-09-2015 22:10:20 ::1 SELECT * FROM item LIMIT 1
01-09-2015 22:10:20 ::1 SELECT * FROM item LIMIT 1
01-09-2015 22:10:20 ::1 SELECT * FROM menu LIMIT 1
01-09-2015 22:10:20 ::1 SELECT * FROM item LIMIT 1
01-09-2015 22:10:20 ::1 SELECT * FROM item LIMIT 1
01-09-2015 22:10:20 ::1 SELECT * FROM menu
01-09-2015 22:10:20 ::1 SELECT * FROM menu LIMIT 1
01-09-2015 22:10:20 ::1 SELECT * FROM item LIMIT 1
01-09-2015 22:10:20 ::1 SELECT * FROM menu LIMIT 1
01-09-2015 22:10:20 ::1 SELECT * FROM item LIMIT 1
01-09-2015 22:10:20 ::1 SELECT * FROM menu LIMIT 1
01-09-2015 22:10:20 ::1 ::1 CT * FROM menu LIMIT 1SELECT * FROM item LIMIT 1
01-09-2015 22:10:20 ::1 SELECT * FROM item LIMIT 1
01-09-2015 22:10:20 ::1 SELECT * FROM item LIMIT 1
01-09-2015 22:10:20 ::1 SELECT * FROM item LIMIT 1
01-09-2015 22:10:20 ::1 SELECT * FROM item LIMIT 1
01-09-2015 22:10:20 ::1 SELECT * FROM item LIMIT 1
01-09-2015 22:10:20 ::1 SELECT * FROM item LIMIT 1
01-09-2015 22:10:20 ::1 SELECT * FROM item LIMIT 1
01-09-2015 22:10:20 ::1 SELECT * FROM item LIMIT 1
01-09-2015 22:10:20 ::1 SELECT * FROM item LIMIT 1
01-09-2015 22:10:20 ::1 SELECT * FROM item LIMIT 1
01-09-2015 22:10:20 ::1 SELECT * FROM item LIMIT 1
01-09-2015 22:10:20 ::1 SELECT * FROM item LIMIT 1
01-09-2015 22:10:20 ::1 SELECT * FROM item LIMIT 1
01-09-2015 22:10:20 ::1 SELECT * FROM item LIMIT 1
01-09-2015 22:10:20 ::1 SELECT * FROM item LIMIT 1
01-09-2015 22:10:20 ::1 SELECT * FROM item LIMIT 1
01-09-2015 22:10:20 ::1 SELECT * FROM item LIMIT 1
01-09-2015 22:10:20 ::1 SELECT * FROM item LIMIT 1
01-09-2015 22:10:20 ::1 SELECT * FROM item LIMIT 1
01-09-2015 22:10:20 ::1 SELECT * FROM item LIMIT 1
01-09-2015 22:10:20 ::1 SELECT * FROM item LIMIT 1
01-09-2015 22:10:26 ::1 SELECT * FROM menu LIMIT 1
01-09-2015 22:10:26 ::1 SELECT * FROM menu
01-09-2015 22:10:26 ::1 SELECT * FROM menu LIMIT 1
01-09-2015 22:10:26 ::1 SELECT * FROM menu LIMIT 1
01-09-2015 22:10:26 ::1 SELECT * FROM menu LIMIT 1
01-09-2015 22:10:26 ::1 SELECT * FROM menu LIMIT 1
01-09-2015 22:10:26 ::1 SELECT * FROM item LIMIT 1
01-09-2015 22:10:26 ::1 SELECT * FROM item WHERE parent = '0'
01-09-2015 22:10:26 ::1 SELECT * FROM item LIMIT 1
01-09-2015 22:10:26 ::1 SELECT * FROM item LIMIT 1
01-09-2015 22:10:26 ::1 SELECT * FROM item LIMIT 1
01-09-2015 22:10:26 ::1 SELECT * FROM item LIMIT 1
01-09-2015 22:10:26 ::1 SELECT * FROM item LIMIT 1
01-09-2015 22:10:26 ::1 SELECT * FROM item LIMIT 1
01-09-2015 22:10:26 ::1 SELECT * FROM item LIMIT 1
01-09-2015 22:10:26 ::1 SELECT * FROM item LIMIT 1
01-09-2015 22:10:26 ::1 SELECT * FROM item LIMIT 1
01-09-2015 22:10:26 ::1 SELECT * FROM item LIMIT 1
01-09-2015 22:10:26 ::1 SELECT * FROM item LIMIT 1
01-09-2015 22:10:26 ::1 SELECT * FROM item LIMIT 1
01-09-2015 22:10:26 ::1 SELECT * FROM item LIMIT 1
01-09-2015 22:10:26 ::1 SELECT * FROM item LIMIT 1
01-09-2015 22:10:26 ::1 SELECT * FROM item LIMIT 1
01-09-2015 22:10:26 ::1 SELECT * FROM item LIMIT 1
01-09-2015 22:10:26 ::1 SELECT * FROM item LIMIT 1
01-09-2015 22:10:26 ::1 SELECT * FROM item LIMIT 1
01-09-2015 22:10:26 ::1 SELECT * FROM item LIMIT 1
01-09-2015 22:10:26 ::1 SELECT * FROM item LIMIT 1
01-09-2015 22:10:26 ::1 SELECT * FROM item LIMIT 1
01-09-2015 22:10:26 ::1 SELECT * FROM item LIMIT 1
01-09-2015 22:10:26 ::1 SELECT * FROM item LIMIT 1
01-09-2015 22:10:26 ::1 SELECT * FROM item LIMIT 1
01-09-2015 22:10:26 ::1 SELECT * FROM item LIMIT 1
01-09-2015 22:10:26 ::1 SELECT * FROM item LIMIT 1
01-09-2015 22:10:26 ::1 SELECT * FROM item LIMIT 1
01-09-2015 22:10:26 ::1 SELECT * FROM item LIMIT 1
01-09-2015 22:10:26 ::1 SELECT * FROM item LIMIT 1
01-09-2015 22:10:26 ::1 SELECT * FROM item LIMIT 1
01-09-2015 22:10:26 ::1 SELECT * FROM item LIMIT 1
01-09-2015 22:10:26 ::1 SELECT * FROM item LIMIT 1
01-09-2015 22:10:26 ::1 SELECT * FROM item LIMIT 1
01-09-2015 22:10:26 ::1 SELECT * FROM item LIMIT 1
01-09-2015 22:10:26 ::1 SELECT * FROM item LIMIT 1
01-09-2015 22:10:26 ::1 SELECT * FROM item LIMIT 1
01-09-2015 22:10:26 ::1 SELECT * FROM item LIMIT 1
01-09-2015 22:10:26 ::1 SELECT * FROM item LIMIT 1
01-09-2015 22:10:26 ::1 SELECT * FROM item LIMIT 1
